Replace Part C1 CAP ALUM 15UF 20% 16V RADIAL in C:\Users\jonat\OneDrive\Desktop\School Work\BME498\BME498_PCB_Design\BME498_PCB\OptocouplerSchDoc.SchDoc with CAP ALUM 15UF 20% 16V RADIAL from ECE295-Capacitors-TH.IntLib
Replace Part C2 CAP ALUM 15UF 20% 16V RADIAL in C:\Users\jonat\OneDrive\Desktop\School Work\BME498\BME498_PCB_Design\BME498_PCB\OptocouplerSchDoc.SchDoc with CAP ALUM 15UF 20% 16V RADIAL from ECE295-Capacitors-TH.IntLib
Replace Part C3 CAP ALUM 15UF 20% 16V RADIAL in C:\Users\jonat\OneDrive\Desktop\School Work\BME498\BME498_PCB_Design\BME498_PCB\OptocouplerSchDoc.SchDoc with CAP ALUM 15UF 20% 16V RADIAL from ECE295-Capacitors-TH.IntLib
Replace Part C4 CAP ALUM 15UF 20% 16V RADIAL in C:\Users\jonat\OneDrive\Desktop\School Work\BME498\BME498_PCB_Design\BME498_PCB\OptocouplerSchDoc.SchDoc with CAP ALUM 15UF 20% 16V RADIAL from ECE295-Capacitors-TH.IntLib
Replace Part C5 CAP ALUM 15UF 20% 16V RADIAL in C:\Users\jonat\OneDrive\Desktop\School Work\BME498\BME498_PCB_Design\BME498_PCB\OptocouplerSchDoc.SchDoc with CAP ALUM 15UF 20% 16V RADIAL from ECE295-Capacitors-TH.IntLib
Replace Part C6 CAP ALUM 15UF 20% 16V RADIAL in C:\Users\jonat\OneDrive\Desktop\School Work\BME498\BME498_PCB_Design\BME498_PCB\OptocouplerSchDoc.SchDoc with CAP ALUM 15UF 20% 16V RADIAL from ECE295-Capacitors-TH.IntLib
Replace Part C7 CAP ALUM 15UF 20% 16V RADIAL in C:\Users\jonat\OneDrive\Desktop\School Work\BME498\BME498_PCB_Design\BME498_PCB\OptocouplerSchDoc.SchDoc with CAP ALUM 15UF 20% 16V RADIAL from ECE295-Capacitors-TH.IntLib
Replace Part C8 CAP ALUM 15UF 20% 16V RADIAL in C:\Users\jonat\OneDrive\Desktop\School Work\BME498\BME498_PCB_Design\BME498_PCB\OptocouplerSchDoc.SchDoc with CAP ALUM 15UF 20% 16V RADIAL from ECE295-Capacitors-TH.IntLib
Update Managed Component J1 From CMP-1692-00002-1[RCJ-041] To CMP-1692-00002-1[RCJ-041] in OptocouplerSchDoc.SchDoc
Update Managed Component J2 From CMP-1692-00002-1[RCJ-041] To CMP-1692-00002-1[RCJ-041] in OptocouplerSchDoc.SchDoc
Update Managed Component J3 From CMP-1692-00002-1[RCJ-041] To CMP-1692-00002-1[RCJ-041] in OptocouplerSchDoc.SchDoc
Update Managed Component J4 From CMP-1692-00002-1[RCJ-041] To CMP-1692-00002-1[RCJ-041] in OptocouplerSchDoc.SchDoc
Update Managed Component J5 From CMP-1692-00002-1[RCJ-041] To CMP-1692-00002-1[RCJ-041] in OptocouplerSchDoc.SchDoc
Update Managed Component J6 From CMP-1692-00002-1[RCJ-041] To CMP-1692-00002-1[RCJ-041] in OptocouplerSchDoc.SchDoc
Update Managed Component J7 From CMP-1692-00002-1[RCJ-041] To CMP-1692-00002-1[RCJ-041] in OptocouplerSchDoc.SchDoc
Update Managed Component J8 From CMP-1692-00002-1[RCJ-041] To CMP-1692-00002-1[RCJ-041] in OptocouplerSchDoc.SchDoc
Update Managed Component Q1 From CMP-65434-000005-1[PC817XNNIP0F] To CMP-65434-000005-1[PC817XNNIP0F] in OptocouplerSchDoc.SchDoc
Update Managed Component Q2 From CMP-65434-000005-1[PC817XNNIP0F] To CMP-65434-000005-1[PC817XNNIP0F] in OptocouplerSchDoc.SchDoc
Update Managed Component Q3 From CMP-65434-000005-1[PC817XNNIP0F] To CMP-65434-000005-1[PC817XNNIP0F] in OptocouplerSchDoc.SchDoc
Update Managed Component Q4 From CMP-65434-000005-1[PC817XNNIP0F] To CMP-65434-000005-1[PC817XNNIP0F] in OptocouplerSchDoc.SchDoc
Update Managed Component Q5 From CMP-65434-000005-1[PC817XNNIP0F] To CMP-65434-000005-1[PC817XNNIP0F] in OptocouplerSchDoc.SchDoc
Update Managed Component Q6 From CMP-65434-000005-1[PC817XNNIP0F] To CMP-65434-000005-1[PC817XNNIP0F] in OptocouplerSchDoc.SchDoc
Update Managed Component Q7 From CMP-65434-000005-1[PC817XNNIP0F] To CMP-65434-000005-1[PC817XNNIP0F] in OptocouplerSchDoc.SchDoc
Update Managed Component Q8 From CMP-65434-000005-1[PC817XNNIP0F] To CMP-65434-000005-1[PC817XNNIP0F] in OptocouplerSchDoc.SchDoc
Update Managed Component R1 From CMP-2100-03671-1[500] To CMP-2100-03671-1[RC0805FR-071KL] in OptocouplerSchDoc.SchDoc
Update Managed Component R2 From CMP-2100-03671-1[500] To CMP-2100-03671-1[RC0805FR-071KL] in OptocouplerSchDoc.SchDoc
Update Managed Component R3 From CMP-2100-03671-1[500] To CMP-2100-03671-1[RC0805FR-071KL] in OptocouplerSchDoc.SchDoc
Update Managed Component R4 From CMP-2100-03671-1[500] To CMP-2100-03671-1[RC0805FR-071KL] in OptocouplerSchDoc.SchDoc
Update Managed Component R5 From CMP-2100-03671-1[500] To CMP-2100-03671-1[RC0805FR-071KL] in OptocouplerSchDoc.SchDoc
Update Managed Component R6 From CMP-2100-03671-1[500] To CMP-2100-03671-1[RC0805FR-071KL] in OptocouplerSchDoc.SchDoc
Update Managed Component R7 From CMP-2100-03671-1[500] To CMP-2100-03671-1[RC0805FR-071KL] in OptocouplerSchDoc.SchDoc
Update Managed Component R8 From CMP-2100-03671-1[500] To CMP-2100-03671-1[RC0805FR-071KL] in OptocouplerSchDoc.SchDoc
Update Managed Component R_Pull1 From CMP-2100-03671-1[10K] To CMP-2100-03671-1[RC0805FR-071KL] in OptocouplerSchDoc.SchDoc
Update Managed Component R_Pull2 From CMP-2100-03671-1[10K] To CMP-2100-03671-1[RC0805FR-071KL] in OptocouplerSchDoc.SchDoc
Update Managed Component R_Pull3 From CMP-2100-03671-1[10K] To CMP-2100-03671-1[RC0805FR-071KL] in OptocouplerSchDoc.SchDoc
Update Managed Component R_Pull4 From CMP-2100-03671-1[10K] To CMP-2100-03671-1[RC0805FR-071KL] in OptocouplerSchDoc.SchDoc
Update Managed Component R_Pull5 From CMP-2100-03671-1[10K] To CMP-2100-03671-1[RC0805FR-071KL] in OptocouplerSchDoc.SchDoc
Update Managed Component R_Pull6 From CMP-2100-03671-1[10K] To CMP-2100-03671-1[RC0805FR-071KL] in OptocouplerSchDoc.SchDoc
Update Managed Component R_Pull7 From CMP-2100-03671-1[10K] To CMP-2100-03671-1[RC0805FR-071KL] in OptocouplerSchDoc.SchDoc
Update Managed Component R_Pull8 From CMP-2100-03671-1[10K] To CMP-2100-03671-1[RC0805FR-071KL] in OptocouplerSchDoc.SchDoc
Replace Part RF1 RES 10K OHM 5% 1/4W AXIAL in C:\Users\jonat\OneDrive\Desktop\School Work\BME498\BME498_PCB_Design\BME498_PCB\OptocouplerSchDoc.SchDoc with RES 10K OHM 5% 1/4W AXIAL from ECE295-Resistors-TH.IntLib
Replace Part RF2 RES 10K OHM 5% 1/4W AXIAL in C:\Users\jonat\OneDrive\Desktop\School Work\BME498\BME498_PCB_Design\BME498_PCB\OptocouplerSchDoc.SchDoc with RES 10K OHM 5% 1/4W AXIAL from ECE295-Resistors-TH.IntLib
Replace Part RF3 RES 10K OHM 5% 1/4W AXIAL in C:\Users\jonat\OneDrive\Desktop\School Work\BME498\BME498_PCB_Design\BME498_PCB\OptocouplerSchDoc.SchDoc with RES 10K OHM 5% 1/4W AXIAL from ECE295-Resistors-TH.IntLib
Replace Part RF4 RES 10K OHM 5% 1/4W AXIAL in C:\Users\jonat\OneDrive\Desktop\School Work\BME498\BME498_PCB_Design\BME498_PCB\OptocouplerSchDoc.SchDoc with RES 10K OHM 5% 1/4W AXIAL from ECE295-Resistors-TH.IntLib
Replace Part RF5 RES 10K OHM 5% 1/4W AXIAL in C:\Users\jonat\OneDrive\Desktop\School Work\BME498\BME498_PCB_Design\BME498_PCB\OptocouplerSchDoc.SchDoc with RES 10K OHM 5% 1/4W AXIAL from ECE295-Resistors-TH.IntLib
Replace Part RF6 RES 10K OHM 5% 1/4W AXIAL in C:\Users\jonat\OneDrive\Desktop\School Work\BME498\BME498_PCB_Design\BME498_PCB\OptocouplerSchDoc.SchDoc with RES 10K OHM 5% 1/4W AXIAL from ECE295-Resistors-TH.IntLib
Replace Part RF7 RES 10K OHM 5% 1/4W AXIAL in C:\Users\jonat\OneDrive\Desktop\School Work\BME498\BME498_PCB_Design\BME498_PCB\OptocouplerSchDoc.SchDoc with RES 10K OHM 5% 1/4W AXIAL from ECE295-Resistors-TH.IntLib
Replace Part RF8 RES 10K OHM 5% 1/4W AXIAL in C:\Users\jonat\OneDrive\Desktop\School Work\BME498\BME498_PCB_Design\BME498_PCB\OptocouplerSchDoc.SchDoc with RES 10K OHM 5% 1/4W AXIAL from ECE295-Resistors-TH.IntLib
Update Managed Component U1 From CMP-1310-00098-1[LM358N] To CMP-1310-00098-1[LM358N] in OptocouplerSchDoc.SchDoc
Update Managed Component U1 From CMP-1310-00098-1[LM358N] To CMP-1310-00098-1[LM358N] in OptocouplerSchDoc.SchDoc
Update Managed Component U2 From CMP-12105-000067-1[STM32F446ZET6] To CMP-12105-000067-1[STM32F446ZET6] in OptocouplerSchDoc.SchDoc
Update Managed Component U3 From CMP-1310-00098-1[LM358N] To CMP-1310-00098-1[LM358N] in OptocouplerSchDoc.SchDoc
Update Managed Component U3 From CMP-1310-00098-1[LM358N] To CMP-1310-00098-1[LM358N] in OptocouplerSchDoc.SchDoc
Update Managed Component U4 From CMP-1310-00098-1[LM358N] To CMP-1310-00098-1[LM358N] in OptocouplerSchDoc.SchDoc
Update Managed Component U4 From CMP-1310-00098-1[LM358N] To CMP-1310-00098-1[LM358N] in OptocouplerSchDoc.SchDoc
Update Managed Component U5 From CMP-1310-00098-1[LM358N] To CMP-1310-00098-1[LM358N] in OptocouplerSchDoc.SchDoc
Update Managed Component U5 From CMP-1310-00098-1[LM358N] To CMP-1310-00098-1[LM358N] in OptocouplerSchDoc.SchDoc
