Replace Part C1 CAP ALUM 15UF 20% 16V RADIAL in C:\Users\jonat\OneDrive\Desktop\School Work\BME498\BME498_PCB_Design\BME498_PCB\Optocoupler_STM32.SchDoc with CAP ALUM 15UF 20% 16V RADIAL from ECE295-Capacitors-TH.IntLib
Replace Part C2 CAP ALUM 15UF 20% 16V RADIAL in C:\Users\jonat\OneDrive\Desktop\School Work\BME498\BME498_PCB_Design\BME498_PCB\Optocoupler_STM32.SchDoc with CAP ALUM 15UF 20% 16V RADIAL from ECE295-Capacitors-TH.IntLib
Replace Part C3 CAP ALUM 15UF 20% 16V RADIAL in C:\Users\jonat\OneDrive\Desktop\School Work\BME498\BME498_PCB_Design\BME498_PCB\Optocoupler_STM32.SchDoc with CAP ALUM 15UF 20% 16V RADIAL from ECE295-Capacitors-TH.IntLib
Replace Part C4 CAP ALUM 15UF 20% 16V RADIAL in C:\Users\jonat\OneDrive\Desktop\School Work\BME498\BME498_PCB_Design\BME498_PCB\Optocoupler_STM32.SchDoc with CAP ALUM 15UF 20% 16V RADIAL from ECE295-Capacitors-TH.IntLib
Replace Part C5 CAP ALUM 15UF 20% 16V RADIAL in C:\Users\jonat\OneDrive\Desktop\School Work\BME498\BME498_PCB_Design\BME498_PCB\Optocoupler_STM32.SchDoc with CAP ALUM 15UF 20% 16V RADIAL from ECE295-Capacitors-TH.IntLib
Replace Part C6 CAP ALUM 15UF 20% 16V RADIAL in C:\Users\jonat\OneDrive\Desktop\School Work\BME498\BME498_PCB_Design\BME498_PCB\Optocoupler_STM32.SchDoc with CAP ALUM 15UF 20% 16V RADIAL from ECE295-Capacitors-TH.IntLib
Replace Part C7 CAP ALUM 15UF 20% 16V RADIAL in C:\Users\jonat\OneDrive\Desktop\School Work\BME498\BME498_PCB_Design\BME498_PCB\Optocoupler_STM32.SchDoc with CAP ALUM 15UF 20% 16V RADIAL from ECE295-Capacitors-TH.IntLib
Replace Part C8 CAP ALUM 15UF 20% 16V RADIAL in C:\Users\jonat\OneDrive\Desktop\School Work\BME498\BME498_PCB_Design\BME498_PCB\Optocoupler_STM32.SchDoc with CAP ALUM 15UF 20% 16V RADIAL from ECE295-Capacitors-TH.IntLib
Update Managed Component J1 From CMP-1692-00002-1[RCJ-041] To CMP-1692-00002-1[RCJ-041] in Optocoupler_STM32.SchDoc
Update Managed Component J2 From CMP-1692-00002-1[RCJ-041] To CMP-1692-00002-1[RCJ-041] in Optocoupler_STM32.SchDoc
Update Managed Component J3 From CMP-1692-00002-1[RCJ-041] To CMP-1692-00002-1[RCJ-041] in Optocoupler_STM32.SchDoc
Update Managed Component J4 From CMP-1692-00002-1[RCJ-041] To CMP-1692-00002-1[RCJ-041] in Optocoupler_STM32.SchDoc
Update Managed Component J5 From CMP-1692-00002-1[RCJ-041] To CMP-1692-00002-1[RCJ-041] in Optocoupler_STM32.SchDoc
Update Managed Component J6 From CMP-1692-00002-1[RCJ-041] To CMP-1692-00002-1[RCJ-041] in Optocoupler_STM32.SchDoc
Update Managed Component J7 From CMP-1692-00002-1[RCJ-041] To CMP-1692-00002-1[RCJ-041] in Optocoupler_STM32.SchDoc
Update Managed Component J8 From CMP-1692-00002-1[RCJ-041] To CMP-1692-00002-1[RCJ-041] in Optocoupler_STM32.SchDoc
Update Managed Component Q1 From CMP-65434-000005-1[PC817XNNIP0F] To CMP-65434-000005-1[PC817XNNIP0F] in Optocoupler_STM32.SchDoc
Update Managed Component Q2 From CMP-65434-000005-1[PC817XNNIP0F] To CMP-65434-000005-1[PC817XNNIP0F] in Optocoupler_STM32.SchDoc
Update Managed Component Q3 From CMP-65434-000005-1[PC817XNNIP0F] To CMP-65434-000005-1[PC817XNNIP0F] in Optocoupler_STM32.SchDoc
Update Managed Component Q4 From CMP-65434-000005-1[PC817XNNIP0F] To CMP-65434-000005-1[PC817XNNIP0F] in Optocoupler_STM32.SchDoc
Update Managed Component Q5 From CMP-65434-000005-1[PC817XNNIP0F] To CMP-65434-000005-1[PC817XNNIP0F] in Optocoupler_STM32.SchDoc
Update Managed Component Q6 From CMP-65434-000005-1[PC817XNNIP0F] To CMP-65434-000005-1[PC817XNNIP0F] in Optocoupler_STM32.SchDoc
Update Managed Component Q7 From CMP-65434-000005-1[PC817XNNIP0F] To CMP-65434-000005-1[PC817XNNIP0F] in Optocoupler_STM32.SchDoc
Update Managed Component Q8 From CMP-65434-000005-1[PC817XNNIP0F] To CMP-65434-000005-1[PC817XNNIP0F] in Optocoupler_STM32.SchDoc
Update Managed Component R1 From CMP-2100-03671-1[10kOhm] To CMP-2100-03671-1[RC0805FR-071KL] in Optocoupler_STM32.SchDoc
Update Managed Component R2 From CMP-2100-03671-1[10kOhm] To CMP-2100-03671-1[RC0805FR-071KL] in Optocoupler_STM32.SchDoc
Update Managed Component R3 From CMP-2100-03671-1[10kOhm] To CMP-2100-03671-1[RC0805FR-071KL] in Optocoupler_STM32.SchDoc
Update Managed Component R4 From CMP-2100-03671-1[10kOhm] To CMP-2100-03671-1[RC0805FR-071KL] in Optocoupler_STM32.SchDoc
Update Managed Component R5 From CMP-2100-03671-1[10kOhm] To CMP-2100-03671-1[RC0805FR-071KL] in Optocoupler_STM32.SchDoc
Update Managed Component R6 From CMP-2100-03671-1[10kOhm] To CMP-2100-03671-1[RC0805FR-071KL] in Optocoupler_STM32.SchDoc
Update Managed Component R7 From CMP-2100-03671-1[10kOhm] To CMP-2100-03671-1[RC0805FR-071KL] in Optocoupler_STM32.SchDoc
Update Managed Component R8 From CMP-2100-03671-1[10kOhm] To CMP-2100-03671-1[RC0805FR-071KL] in Optocoupler_STM32.SchDoc
Update Managed Component RF1 From CMP-2100-03671-1[10kOhm] To CMP-2100-03671-1[RC0805FR-071KL] in Optocoupler_STM32.SchDoc
Update Managed Component RF2 From CMP-2100-03671-1[10kOhm] To CMP-2100-03671-1[RC0805FR-071KL] in Optocoupler_STM32.SchDoc
Update Managed Component RF3 From CMP-2100-03671-1[10kOhm] To CMP-2100-03671-1[RC0805FR-071KL] in Optocoupler_STM32.SchDoc
Update Managed Component RF4 From CMP-2100-03671-1[10kOhm] To CMP-2100-03671-1[RC0805FR-071KL] in Optocoupler_STM32.SchDoc
Update Managed Component RF5 From CMP-2100-03671-1[10kOhm] To CMP-2100-03671-1[RC0805FR-071KL] in Optocoupler_STM32.SchDoc
Update Managed Component RF6 From CMP-2100-03671-1[10kOhm] To CMP-2100-03671-1[RC0805FR-071KL] in Optocoupler_STM32.SchDoc
Update Managed Component RF7 From CMP-2100-03671-1[10kOhm] To CMP-2100-03671-1[RC0805FR-071KL] in Optocoupler_STM32.SchDoc
Update Managed Component RF8 From CMP-2100-03671-1[10kOhm] To CMP-2100-03671-1[RC0805FR-071KL] in Optocoupler_STM32.SchDoc
Update Managed Component RL1 From CMP-2100-03671-1[50Ohm] To CMP-2100-03671-1[RC0805FR-071KL] in Optocoupler_STM32.SchDoc
Update Managed Component RL2 From CMP-2100-03671-1[50Ohm] To CMP-2100-03671-1[RC0805FR-071KL] in Optocoupler_STM32.SchDoc
Update Managed Component RL3 From CMP-2100-03671-1[50Ohm] To CMP-2100-03671-1[RC0805FR-071KL] in Optocoupler_STM32.SchDoc
Update Managed Component RL4 From CMP-2100-03671-1[50Ohm] To CMP-2100-03671-1[RC0805FR-071KL] in Optocoupler_STM32.SchDoc
Update Managed Component RL5 From CMP-2100-03671-1[50Ohm] To CMP-2100-03671-1[RC0805FR-071KL] in Optocoupler_STM32.SchDoc
Update Managed Component RL6 From CMP-2100-03671-1[50Ohm] To CMP-2100-03671-1[RC0805FR-071KL] in Optocoupler_STM32.SchDoc
Update Managed Component RL7 From CMP-2100-03671-1[50Ohm] To CMP-2100-03671-1[RC0805FR-071KL] in Optocoupler_STM32.SchDoc
Update Managed Component RL8 From CMP-2100-03671-1[50Ohm] To CMP-2100-03671-1[RC0805FR-071KL] in Optocoupler_STM32.SchDoc
Update Managed Component U1 From CMP-1310-00098-1[LM358N] To CMP-1310-00098-1[LM358N] in Optocoupler_STM32.SchDoc
Update Managed Component U2 From CMP-12105-000067-1[STM32F446ZET6] To CMP-12105-000067-1[STM32F446ZET6] in Optocoupler_STM32.SchDoc
Update Managed Component U3 From CMP-1310-00098-1[LM358N] To CMP-1310-00098-1[LM358N] in Optocoupler_STM32.SchDoc
Update Managed Component U4 From CMP-1310-00098-1[LM358N] To CMP-1310-00098-1[LM358N] in Optocoupler_STM32.SchDoc
Update Managed Component U5 From CMP-1310-00098-1[LM358N] To CMP-1310-00098-1[LM358N] in Optocoupler_STM32.SchDoc
Update Managed Component U6 From CMP-1310-00098-1[LM358N] To CMP-1310-00098-1[LM358N] in Optocoupler_STM32.SchDoc
Update Managed Component U7 From CMP-1310-00098-1[LM358N] To CMP-1310-00098-1[LM358N] in Optocoupler_STM32.SchDoc
Update Managed Component U8 From CMP-1310-00098-1[LM358N] To CMP-1310-00098-1[LM358N] in Optocoupler_STM32.SchDoc
Update Managed Component U9 From CMP-1310-00098-1[LM358N] To CMP-1310-00098-1[LM358N] in Optocoupler_STM32.SchDoc
