Update Managed Component 1 From CMP-2100-03606-3[CC0805KRX7R9BB104] To CMP-2100-03606-3[CC0805KRX7R9BB104] in STM32_Peripherals.SchDoc
Update Managed Component 2 From CMP-2100-03606-3[CC0805KRX7R9BB104] To CMP-2100-03606-3[CC0805KRX7R9BB104] in STM32_Peripherals.SchDoc
Update Managed Component 3 From CMP-2100-03606-3[CC0805KRX7R9BB104] To CMP-2100-03606-3[CC0805KRX7R9BB104] in STM32_Peripherals.SchDoc
Update Managed Component 4 From CMP-2100-03606-3[CC0805KRX7R9BB104] To CMP-2100-03606-3[CC0805KRX7R9BB104] in STM32_Peripherals.SchDoc
Update Managed Component 5 From CMP-2100-03606-3[CC0805KRX7R9BB104] To CMP-2100-03606-3[CC0805KRX7R9BB104] in STM32_Peripherals.SchDoc
Update Managed Component 6 From CMP-2100-03606-3[CC0805KRX7R9BB104] To CMP-2100-03606-3[CC0805KRX7R9BB104] in STM32_Peripherals.SchDoc
Update Managed Component C9 From CMP-03020-016664-1[C0805C439C5GACTU] To CMP-03020-016664-1[C0805C439C5GACTU] in STM32_Peripherals.SchDoc
Update Managed Component C10 From CMP-03020-016664-1[C0805C439C5GACTU] To CMP-03020-016664-1[C0805C439C5GACTU] in STM32_Peripherals.SchDoc
Update Managed Component C11 From CMP-2007-03455-1[GRM21BR71C225KA12L] To CMP-2007-03455-1[GRM21BR71C225KA12L] in STM32_Peripherals.SchDoc
Update Managed Component C12 From CMP-2007-03455-1[GRM21BR71C225KA12L] To CMP-2007-03455-1[GRM21BR71C225KA12L] in STM32_Peripherals.SchDoc
Update Managed Component C13 From CMP-2100-03606-3[CC0805KRX7R9BB104] To CMP-2100-03606-3[CC0805KRX7R9BB104] in STM32_Peripherals.SchDoc
Update Managed Component C14 From CMP-2100-03606-3[CC0805KRX7R9BB104] To CMP-2100-03606-3[CC0805KRX7R9BB104] in STM32_Peripherals.SchDoc
Update Managed Component C15 From CMP-2100-03606-3[CC0805KRX7R9BB104] To CMP-2100-03606-3[CC0805KRX7R9BB104] in STM32_Peripherals.SchDoc
Update Managed Component C16 From CMP-2100-03606-3[CC0805KRX7R9BB104] To CMP-2100-03606-3[CC0805KRX7R9BB104] in STM32_Peripherals.SchDoc
Update Managed Component C17 From CMP-2100-03606-3[CC0805KRX7R9BB104] To CMP-2100-03606-3[CC0805KRX7R9BB104] in STM32_Peripherals.SchDoc
Update Managed Component C18 From CMP-2100-03606-3[CC0805KRX7R9BB104] To CMP-2100-03606-3[CC0805KRX7R9BB104] in STM32_Peripherals.SchDoc
Update Managed Component C19 From CMP-2100-03606-3[CC0805KRX7R9BB104] To CMP-2100-03606-3[CC0805KRX7R9BB104] in STM32_Peripherals.SchDoc
Update Managed Component C20 From CMP-2100-03606-3[CC0805KRX7R9BB104] To CMP-2100-03606-3[CC0805KRX7R9BB104] in STM32_Peripherals.SchDoc
Update Managed Component C21 From CMP-2100-03606-3[CC0805KRX7R9BB104] To CMP-2100-03606-3[CC0805KRX7R9BB104] in STM32_Peripherals.SchDoc
Update Managed Component C22 From CMP-2100-03606-3[CC0805KRX7R9BB104] To CMP-2100-03606-3[CC0805KRX7R9BB104] in STM32_Peripherals.SchDoc
Update Managed Component C23 From CMP-2100-03606-3[CC0805KRX7R9BB104] To CMP-2100-03606-3[CC0805KRX7R9BB104] in STM32_Peripherals.SchDoc
Update Managed Component C24 From CMP-2100-03606-3[CC0805KRX7R9BB104] To CMP-2100-03606-3[CC0805KRX7R9BB104] in STM32_Peripherals.SchDoc
Update Managed Component C25 From CMP-2100-03606-3[CC0805KRX7R9BB104] To CMP-2100-03606-3[CC0805KRX7R9BB104] in STM32_Peripherals.SchDoc
Update Managed Component C26 From CMP-1662-00015-2[GRM21BR61C475KA88L] To CMP-1662-00015-2[GRM21BR61C475KA88L] in STM32_Peripherals.SchDoc
Update Managed Component C27 From CMP-2100-03606-3[CC0805KRX7R9BB104] To CMP-2100-03606-3[CC0805KRX7R9BB104] in STM32_Peripherals.SchDoc
Update Managed Component C28 From CMP-2100-03606-3[CC0805KRX7R9BB104] To CMP-2100-03606-3[CC0805KRX7R9BB104] in STM32_Peripherals.SchDoc
Update Managed Component C29 From CMP-2100-03606-3[CC0805KRX7R9BB104] To CMP-2100-03606-3[CC0805KRX7R9BB104] in STM32_Peripherals.SchDoc
Update Managed Component DS1 From CMP-2000-06413-1[HLMP-4740] To CMP-2000-06413-1[HLMP-4740] in STM32_Peripherals.SchDoc
Update Managed Component DS2 From CMP-2000-06413-1[HLMP-4740] To CMP-2000-06413-1[HLMP-4740] in STM32_Peripherals.SchDoc
Update Managed Component DS3 From CMP-2000-06413-1[HLMP-4740] To CMP-2000-06413-1[HLMP-4740] in STM32_Peripherals.SchDoc
Update Managed Component DS4 From CMP-2000-06413-1[HLMP-4740] To CMP-2000-06413-1[HLMP-4740] in STM32_Peripherals.SchDoc
Update Managed Component DS5 From CMP-2000-06413-1[HLMP-4740] To CMP-2000-06413-1[HLMP-4740] in STM32_Peripherals.SchDoc
Update Managed Component DS6 From CMP-2000-06413-1[HLMP-4740] To CMP-2000-06413-1[HLMP-4740] in STM32_Peripherals.SchDoc
Update Managed Component DS7 From CMP-2000-06413-1[HLMP-4740] To CMP-2000-06413-1[HLMP-4740] in STM32_Peripherals.SchDoc
Update Managed Component DS8 From CMP-2000-06413-1[HLMP-4740] To CMP-2000-06413-1[HLMP-4740] in STM32_Peripherals.SchDoc
Update Managed Component DS9 From CMP-2000-06413-1[HLMP-4740] To CMP-2000-06413-1[HLMP-4740] in STM32_Peripherals.SchDoc
Update Managed Component DS10 From CMP-2000-06413-1[HLMP-4740] To CMP-2000-06413-1[HLMP-4740] in STM32_Peripherals.SchDoc
Update Managed Component DS11 From CMP-2000-06413-1[HLMP-4740] To CMP-2000-06413-1[HLMP-4740] in STM32_Peripherals.SchDoc
Update Managed Component DS12 From CMP-2000-06413-1[HLMP-4740] To CMP-2000-06413-1[HLMP-4740] in STM32_Peripherals.SchDoc
Update Managed Component DS13 From CMP-2000-06413-1[HLMP-4740] To CMP-2000-06413-1[HLMP-4740] in STM32_Peripherals.SchDoc
Update Managed Component DS14 From CMP-2000-06413-1[HLMP-4740] To CMP-2000-06413-1[HLMP-4740] in STM32_Peripherals.SchDoc
Update Managed Component DS15 From CMP-2000-06413-1[HLMP-4740] To CMP-2000-06413-1[HLMP-4740] in STM32_Peripherals.SchDoc
Update Managed Component DS16 From CMP-2000-06413-1[HLMP-4740] To CMP-2000-06413-1[HLMP-4740] in STM32_Peripherals.SchDoc
Update Managed Component DS17 From CMP-2000-06413-1[HLMP-4740] To CMP-2000-06413-1[HLMP-4740] in STM32_Peripherals.SchDoc
Update Managed Component DS18 From CMP-2000-06413-1[HLMP-4740] To CMP-2000-06413-1[HLMP-4740] in STM32_Peripherals.SchDoc
Update Managed Component DS19 From CMP-2000-06413-1[HLMP-4740] To CMP-2000-06413-1[HLMP-4740] in STM32_Peripherals.SchDoc
Update Managed Component DS20 From CMP-2000-06413-1[HLMP-4740] To CMP-2000-06413-1[HLMP-4740] in STM32_Peripherals.SchDoc
Update Managed Component DS21 From CMP-2000-06413-1[HLMP-4740] To CMP-2000-06413-1[HLMP-4740] in STM32_Peripherals.SchDoc
Update Managed Component DS22 From CMP-2000-06413-1[HLMP-4740] To CMP-2000-06413-1[HLMP-4740] in STM32_Peripherals.SchDoc
Update Managed Component DS23 From CMP-2000-06413-1[HLMP-4740] To CMP-2000-06413-1[HLMP-4740] in STM32_Peripherals.SchDoc
Update Managed Component DS24 From CMP-2000-06413-1[HLMP-4740] To CMP-2000-06413-1[HLMP-4740] in STM32_Peripherals.SchDoc
Update Managed Component DS25 From CMP-2000-06413-1[HLMP-4740] To CMP-2000-06413-1[HLMP-4740] in STM32_Peripherals.SchDoc
Update Managed Component DS26 From CMP-2000-06413-1[HLMP-4740] To CMP-2000-06413-1[HLMP-4740] in STM32_Peripherals.SchDoc
Update Managed Component DS27 From CMP-2000-06413-1[HLMP-4740] To CMP-2000-06413-1[HLMP-4740] in STM32_Peripherals.SchDoc
Update Managed Component DS28 From CMP-2000-06413-1[HLMP-4740] To CMP-2000-06413-1[HLMP-4740] in STM32_Peripherals.SchDoc
Update Managed Component DS29 From CMP-2000-06413-1[HLMP-4740] To CMP-2000-06413-1[HLMP-4740] in STM32_Peripherals.SchDoc
Update Managed Component DS30 From CMP-2000-06413-1[HLMP-4740] To CMP-2000-06413-1[HLMP-4740] in STM32_Peripherals.SchDoc
Update Managed Component DS31 From CMP-2000-06413-1[HLMP-4740] To CMP-2000-06413-1[HLMP-4740] in STM32_Peripherals.SchDoc
Update Managed Component DS32 From CMP-2000-06413-1[HLMP-4740] To CMP-2000-06413-1[HLMP-4740] in STM32_Peripherals.SchDoc
Update Managed Component FB1 From CMP-06046-001899-2[BLM21SP181SN1D] To CMP-06046-001899-2[BLM21SP181SN1D] in STM32_Peripherals.SchDoc
Update Managed Component J10 From CMP-25680-000065-1[GEC05SBSN-M89] To CMP-25680-000065-1[GEC05SBSN-M89] in STM32_Peripherals.SchDoc
Update Managed Component J11 From CMP-2000-05827-1[105017-0001] To CMP-2000-05827-1[105017-0001] in STM32_Peripherals.SchDoc
Update Managed Component R9 From CMP-2100-03671-1[RC0805FR-071KL] To CMP-2100-03671-1[RC0805FR-071KL] in STM32_Peripherals.SchDoc
Update Managed Component R10 From CMP-2100-03671-1[RC0805FR-071KL] To CMP-2100-03671-1[RC0805FR-071KL] in STM32_Peripherals.SchDoc
Update Managed Component R11 From CMP-2100-03671-1[RC0805FR-071KL] To CMP-2100-03671-1[RC0805FR-071KL] in STM32_Peripherals.SchDoc
Update Managed Component R12 From CMP-2100-03671-1[RC0805FR-071KL] To CMP-2100-03671-1[RC0805FR-071KL] in STM32_Peripherals.SchDoc
Update Managed Component R13 From CMP-2100-03671-1[RC0805FR-071KL] To CMP-2100-03671-1[RC0805FR-071KL] in STM32_Peripherals.SchDoc
Update Managed Component R14 From CMP-2100-03671-1[RC0805FR-071KL] To CMP-2100-03671-1[RC0805FR-071KL] in STM32_Peripherals.SchDoc
Update Managed Component R15 From CMP-2100-03671-1[RC0805FR-071KL] To CMP-2100-03671-1[RC0805FR-071KL] in STM32_Peripherals.SchDoc
Update Managed Component R16 From CMP-2100-03671-1[RC0805FR-071KL] To CMP-2100-03671-1[RC0805FR-071KL] in STM32_Peripherals.SchDoc
Update Managed Component R17 From CMP-2100-03671-1[RC0805FR-071KL] To CMP-2100-03671-1[RC0805FR-071KL] in STM32_Peripherals.SchDoc
Update Managed Component R18 From CMP-2100-03671-1[RC0805FR-071KL] To CMP-2100-03671-1[RC0805FR-071KL] in STM32_Peripherals.SchDoc
Update Managed Component R19 From CMP-2100-03671-1[RC0805FR-071KL] To CMP-2100-03671-1[RC0805FR-071KL] in STM32_Peripherals.SchDoc
Update Managed Component R20 From CMP-2100-03671-1[RC0805FR-071KL] To CMP-2100-03671-1[RC0805FR-071KL] in STM32_Peripherals.SchDoc
Update Managed Component R21 From CMP-2100-03671-1[RC0805FR-071KL] To CMP-2100-03671-1[RC0805FR-071KL] in STM32_Peripherals.SchDoc
Update Managed Component R22 From CMP-2100-03671-1[RC0805FR-071KL] To CMP-2100-03671-1[RC0805FR-071KL] in STM32_Peripherals.SchDoc
Update Managed Component R23 From CMP-2100-03671-1[RC0805FR-071KL] To CMP-2100-03671-1[RC0805FR-071KL] in STM32_Peripherals.SchDoc
Update Managed Component R24 From CMP-2100-03671-1[RC0805FR-071KL] To CMP-2100-03671-1[RC0805FR-071KL] in STM32_Peripherals.SchDoc
Update Managed Component R25 From CMP-2100-03671-1[RC0805FR-071KL] To CMP-2100-03671-1[RC0805FR-071KL] in STM32_Peripherals.SchDoc
Update Managed Component R26 From CMP-2100-03671-1[RC0805FR-071KL] To CMP-2100-03671-1[RC0805FR-071KL] in STM32_Peripherals.SchDoc
Update Managed Component R27 From CMP-2100-03671-1[RC0805FR-071KL] To CMP-2100-03671-1[RC0805FR-071KL] in STM32_Peripherals.SchDoc
Update Managed Component R28 From CMP-2100-03671-1[RC0805FR-071KL] To CMP-2100-03671-1[RC0805FR-071KL] in STM32_Peripherals.SchDoc
Update Managed Component R29 From CMP-2100-03671-1[RC0805FR-071KL] To CMP-2100-03671-1[RC0805FR-071KL] in STM32_Peripherals.SchDoc
Update Managed Component R30 From CMP-2100-03671-1[RC0805FR-071KL] To CMP-2100-03671-1[RC0805FR-071KL] in STM32_Peripherals.SchDoc
Update Managed Component R31 From CMP-2100-03671-1[RC0805FR-071KL] To CMP-2100-03671-1[RC0805FR-071KL] in STM32_Peripherals.SchDoc
Update Managed Component R32 From CMP-2100-03671-1[RC0805FR-071KL] To CMP-2100-03671-1[RC0805FR-071KL] in STM32_Peripherals.SchDoc
Update Managed Component R33 From CMP-1659-00013-4[RC0805FR-0710KL] To CMP-1659-00013-4[RC0805FR-0710KL] in STM32_Peripherals.SchDoc
Update Managed Component R34 From CMP-2100-03671-1[RC0805FR-071KL] To CMP-2100-03671-1[RC0805FR-071KL] in STM32_Peripherals.SchDoc
Update Managed Component R35 From CMP-2100-03671-1[RC0805FR-071KL] To CMP-2100-03671-1[RC0805FR-071KL] in STM32_Peripherals.SchDoc
Update Managed Component R36 From CMP-2100-03671-1[RC0805FR-071KL] To CMP-2100-03671-1[RC0805FR-071KL] in STM32_Peripherals.SchDoc
Update Managed Component R37 From CMP-2100-03671-1[RC0805FR-071KL] To CMP-2100-03671-1[RC0805FR-071KL] in STM32_Peripherals.SchDoc
Update Managed Component R38 From CMP-2100-03671-1[RC0805FR-071KL] To CMP-2100-03671-1[RC0805FR-071KL] in STM32_Peripherals.SchDoc
Update Managed Component R39 From CMP-2100-03671-1[RC0805FR-071KL] To CMP-2100-03671-1[RC0805FR-071KL] in STM32_Peripherals.SchDoc
Update Managed Component R40 From CMP-2100-03671-1[RC0805FR-071KL] To CMP-2100-03671-1[RC0805FR-071KL] in STM32_Peripherals.SchDoc
Update Managed Component R41 From CMP-2100-03671-1[RC0805FR-071KL] To CMP-2100-03671-1[RC0805FR-071KL] in STM32_Peripherals.SchDoc
Update Managed Component R42 From CMP-2100-03671-1[RC0805FR-071KL] To CMP-2100-03671-1[RC0805FR-071KL] in STM32_Peripherals.SchDoc
Update Managed Component R43 From CMP-2100-03671-1[RC0805FR-071KL] To CMP-2100-03671-1[RC0805FR-071KL] in STM32_Peripherals.SchDoc
Update Managed Component R44 From CMP-2100-03671-1[RC0805FR-071KL] To CMP-2100-03671-1[RC0805FR-071KL] in STM32_Peripherals.SchDoc
Update Managed Component R45 From CMP-2100-03671-1[RC0805FR-071KL] To CMP-2100-03671-1[RC0805FR-071KL] in STM32_Peripherals.SchDoc
Update Managed Component R46 From CMP-2100-03671-1[RC0805FR-071KL] To CMP-2100-03671-1[RC0805FR-071KL] in STM32_Peripherals.SchDoc
Update Managed Component R47 From CMP-2100-03671-1[RC0805FR-071KL] To CMP-2100-03671-1[RC0805FR-071KL] in STM32_Peripherals.SchDoc
Update Managed Component R48 From CMP-2100-03671-1[RC0805FR-071KL] To CMP-2100-03671-1[RC0805FR-071KL] in STM32_Peripherals.SchDoc
Update Managed Component R49 From CMP-2100-03671-1[RC0805FR-071KL] To CMP-2100-03671-1[RC0805FR-071KL] in STM32_Peripherals.SchDoc
Update Managed Component R50 From CMP-2100-03671-1[RC0805FR-071KL] To CMP-2100-03671-1[RC0805FR-071KL] in STM32_Peripherals.SchDoc
Update Managed Component SW1 From CMP-2000-05160-2[PTS645SM43SMTR92LFS] To CMP-2000-05160-2[PTS645SM43SMTR92LFS] in STM32_Peripherals.SchDoc
Update Managed Component SW2 From CMP-2000-05160-2[PTS645SM43SMTR92LFS] To CMP-2000-05160-2[PTS645SM43SMTR92LFS] in STM32_Peripherals.SchDoc
Update Managed Component SW3 From CMP-2000-05160-2[PTS645SM43SMTR92LFS] To CMP-2000-05160-2[PTS645SM43SMTR92LFS] in STM32_Peripherals.SchDoc
Update Managed Component SW4 From CMP-07421-000036-1[PEC11R-4220F-S0012] To CMP-07421-000036-1[PEC11R-4220F-S0012] in STM32_Peripherals.SchDoc
Update Managed Component SW5 From CMP-2000-05160-2[PTS645SM43SMTR92LFS] To CMP-2000-05160-2[PTS645SM43SMTR92LFS] in STM32_Peripherals.SchDoc
Update Managed Component SW6 From CMP-2000-05160-2[PTS645SM43SMTR92LFS] To CMP-2000-05160-2[PTS645SM43SMTR92LFS] in STM32_Peripherals.SchDoc
Update Managed Component SW7 From CMP-2000-05160-2[PTS645SM43SMTR92LFS] To CMP-2000-05160-2[PTS645SM43SMTR92LFS] in STM32_Peripherals.SchDoc
Update Managed Component SW8 From CMP-2000-05160-2[PTS645SM43SMTR92LFS] To CMP-2000-05160-2[PTS645SM43SMTR92LFS] in STM32_Peripherals.SchDoc
Update Managed Component SW9 From CMP-2000-05160-2[PTS645SM43SMTR92LFS] To CMP-2000-05160-2[PTS645SM43SMTR92LFS] in STM32_Peripherals.SchDoc
Update Managed Component SW10 From CMP-2000-05160-2[PTS645SM43SMTR92LFS] To CMP-2000-05160-2[PTS645SM43SMTR92LFS] in STM32_Peripherals.SchDoc
Update Managed Component U2 From CMP-12105-000067-1[STM32F446ZET6] To CMP-12105-000067-1[STM32F446ZET6] in STM32_Peripherals.SchDoc
Update Managed Component U2 From CMP-12105-000067-1[STM32F446ZET6] To CMP-12105-000067-1[STM32F446ZET6] in STM32_Peripherals.SchDoc
Update Managed Component Y1 From CMP-27762-009874-1[ABLS-8.000MHZ-B2-T] To CMP-27762-009874-1[ABLS-8.000MHZ-B2-T] in STM32_Peripherals.SchDoc
